.\test\integration\todoApiTest.py:1: [F401] 'http.client' imported but unused
.\test\integration\todoApiTest.py:4: [F401] 'urllib.request.urlopen' imported but unused
.\test\integration\todoApiTest.py:11: [E265] block comment should start with '# '
.\test\integration\todoApiTest.py:17: [W293] blank line contains whitespace
.\test\integration\todoApiTest.py:25: [E265] block comment should start with '# '
.\test\integration\todoApiTest.py:32: [E225] missing whitespace around operator
.\test\integration\todoApiTest.py:33: [E225] missing whitespace around operator
.\test\integration\todoApiTest.py:35: [E211] whitespace before '('
.\test\integration\todoApiTest.py:40: [E501] line too long (92 > 79 characters)
.\test\integration\todoApiTest.py:42: [E265] block comment should start with '# '
.\test\integration\todoApiTest.py:50: [W293] blank line contains whitespace
.\test\integration\todoApiTest.py:52: [E301] expected 1 blank line, found 0
.\test\integration\todoApiTest.py:61: [E225] missing whitespace around operator
.\test\integration\todoApiTest.py:62: [E225] missing whitespace around operator
.\test\integration\todoApiTest.py:64: [E211] whitespace before '('
.\test\integration\todoApiTest.py:69: [E501] line too long (92 > 79 characters)
.\test\integration\todoApiTest.py:77: [E301] expected 1 blank line, found 0
.\test\integration\todoApiTest.py:80: [E265] block comment should start with '# '
.\test\integration\todoApiTest.py:87: [E225] missing whitespace around operator
.\test\integration\todoApiTest.py:88: [E225] missing whitespace around operator
.\test\integration\todoApiTest.py:90: [E211] whitespace before '('
.\test\integration\todoApiTest.py:95: [E501] line too long (98 > 79 characters)
.\test\integration\todoApiTest.py:97: [E265] block comment should start with '# '
.\test\integration\todoApiTest.py:101: [E225] missing whitespace around operator
.\test\integration\todoApiTest.py:106: [E501] line too long (103 > 79 characters)
.\test\integration\todoApiTest.py:108: [E265] block comment should start with '# '
.\test\integration\todoApiTest.py:114: [W293] blank line contains whitespace
.\test\integration\todoApiTest.py:118: [E265] block comment should start with '# '
.\test\integration\todoApiTest.py:126: [E225] missing whitespace around operator
.\test\integration\todoApiTest.py:128: [E211] whitespace before '('
.\test\integration\todoApiTest.py:133: [E501] line too long (102 > 79 characters)
.\test\integration\todoApiTest.py:135: [E265] block comment should start with '# '
.\test\integration\todoApiTest.py:144: [E265] block comment should start with '# '
.\test\integration\todoApiTest.py:149: [E501] line too long (108 > 79 characters)
.\test\integration\todoApiTest.py:151: [E265] block comment should start with '# '
.\test\integration\todoApiTest.py:155: [E225] missing whitespace around operator
.\test\integration\todoApiTest.py:160: [E501] line too long (108 > 79 characters)
.\test\integration\todoApiTest.py:162: [E265] block comment should start with '# '
.\test\integration\todoApiTest.py:168: [E301] expected 1 blank line, found 0
.\test\integration\todoApiTest.py:171: [E265] block comment should start with '# '
.\test\integration\todoApiTest.py:179: [E225] missing whitespace around operator
.\test\integration\todoApiTest.py:181: [E211] whitespace before '('
.\test\integration\todoApiTest.py:186: [E501] line too long (102 > 79 characters)
.\test\integration\todoApiTest.py:188: [E265] block comment should start with '# '
.\test\integration\todoApiTest.py:193: [E211] whitespace before '('
.\test\integration\todoApiTest.py:194: [E265] block comment should start with '# '
.\test\integration\todoApiTest.py:197: [E225] missing whitespace around operator
.\test\integration\todoApiTest.py:197: [E225] missing whitespace around operator
.\test\integration\todoApiTest.py:202: [W293] blank line contains whitespace
.\test\integration\todoApiTest.py:202: [W292] no newline at end of file
.\test\unit\TestToDo.py:6: [F401] 'sys' imported but unused
.\test\unit\TestToDo.py:10: [E302] expected 2 blank lines, found 1
.\test\unit\TestToDo.py:13: [E211] whitespace before '('
.\test\unit\TestToDo.py:14: [E211] whitespace before '('
.\test\unit\TestToDo.py:35: [E265] block comment should start with '# '
.\test\unit\TestToDo.py:36: [E211] whitespace before '('
.\test\unit\TestToDo.py:39: [E211] whitespace before '('
.\test\unit\TestToDo.py:40: [E211] whitespace before '('
.\test\unit\TestToDo.py:43: [E211] whitespace before '('
.\test\unit\TestToDo.py:44: [E265] block comment should start with '# '
.\test\unit\TestToDo.py:46: [E211] whitespace before '('
.\test\unit\TestToDo.py:49: [E211] whitespace before '('
.\test\unit\TestToDo.py:50: [E211] whitespace before '('
.\test\unit\TestToDo.py:51: [E265] block comment should start with '# '
.\test\unit\TestToDo.py:52: [E265] block comment should start with '# '
.\test\unit\TestToDo.py:55: [E703] statement ends with a semicolon
.\test\unit\TestToDo.py:58: [E265] block comment should start with '# '
.\test\unit\TestToDo.py:59: [E211] whitespace before '('
.\test\unit\TestToDo.py:60: [W293] blank line contains whitespace
.\test\unit\TestToDo.py:62: [E303] too many blank lines (2)
.\test\unit\TestToDo.py:63: [E211] whitespace before '('
.\test\unit\TestToDo.py:64: [E211] whitespace before '('
.\test\unit\TestToDo.py:69: [E211] whitespace before '('
.\test\unit\TestToDo.py:72: [E265] block comment should start with '# '
.\test\unit\TestToDo.py:74: [E211] whitespace before '('
.\test\unit\TestToDo.py:77: [E211] whitespace before '('
.\test\unit\TestToDo.py:78: [E211] whitespace before '('
.\test\unit\TestToDo.py:84: [E211] whitespace before '('
.\test\unit\TestToDo.py:87: [E211] whitespace before '('
.\test\unit\TestToDo.py:88: [E211] whitespace before '('
.\test\unit\TestToDo.py:95: [E211] whitespace before '('
.\test\unit\TestToDo.py:97: [E211] whitespace before '('
.\test\unit\TestToDo.py:102: [E211] whitespace before '('
.\test\unit\TestToDo.py:106: [E211] whitespace before '('
.\test\unit\TestToDo.py:107: [W293] blank line contains whitespace
.\test\unit\TestToDo.py:109: [E211] whitespace before '('
.\test\unit\TestToDo.py:110: [E211] whitespace before '('
.\test\unit\TestToDo.py:118: [E211] whitespace before '('
.\test\unit\TestToDo.py:121: [E211] whitespace before '('
.\test\unit\TestToDo.py:124: [E303] too many blank lines (2)
.\test\unit\TestToDo.py:125: [E211] whitespace before '('
.\test\unit\TestToDo.py:126: [E211] whitespace before '('
.\test\unit\TestToDo.py:129: [F401] 'src.todoList.get_item' imported but unused
.\test\unit\TestToDo.py:134: [E211] whitespace before '('
.\test\unit\TestToDo.py:136: [E211] whitespace before '('
.\test\unit\TestToDo.py:138: [E128] continuation line under-indented for visual indent
.\test\unit\TestToDo.py:139: [E128] continuation line under-indented for visual indent
.\test\unit\TestToDo.py:140: [E211] whitespace before '('
.\test\unit\TestToDo.py:142: [E211] whitespace before '('
.\test\unit\TestToDo.py:145: [E303] too many blank lines (2)
.\test\unit\TestToDo.py:146: [E211] whitespace before '('
.\test\unit\TestToDo.py:147: [E211] whitespace before '('
.\test\unit\TestToDo.py:154: [E211] whitespace before '('
.\test\unit\TestToDo.py:176: [E211] whitespace before '('
.\test\unit\TestToDo.py:179: [E211] whitespace before '('
.\test\unit\TestToDo.py:180: [E211] whitespace before '('
.\test\unit\TestToDo.py:187: [E211] whitespace before '('
.\test\unit\TestToDo.py:189: [E211] whitespace before '('
.\test\unit\TestToDo.py:191: [E211] whitespace before '('
.\test\unit\TestToDo.py:193: [E211] whitespace before '('
.\test\unit\TestToDo.py:196: [E211] whitespace before '('
.\test\unit\TestToDo.py:197: [E211] whitespace before '('
.\test\unit\TestToDo.py:201: [E211] whitespace before '('
.\test\unit\TestToDo.py:205: [E303] too many blank lines (3)
.\test\unit\TestToDo.py:206: [W292] no newline at end of file
